{"C:\\Users\\fabio\\OneDrive\\Ambiente de Trabalho\\API Mercado\\API-Mercado-Inclusivo\\app.js": {"path":"C:\\Users\\fabio\\OneDrive\\Ambiente de Trabalho\\API Mercado\\API-Mercado-Inclusivo\\app.js","statementMap":{"0":{"start":{"line":6,"column":0},"end":{"line":6,"column":16}},"1":{"start":{"line":8,"column":12},"end":{"line":8,"column":21}},"2":{"start":{"line":11,"column":0},"end":{"line":11,"column":24}},"3":{"start":{"line":12,"column":0},"end":{"line":12,"column":24}},"4":{"start":{"line":15,"column":0},"end":{"line":15,"column":16}},"5":{"start":{"line":18,"column":0},"end":{"line":20,"column":3}},"6":{"start":{"line":19,"column":2},"end":{"line":19,"column":45}}},"fnMap":{"0":{"name":"(anonymous_0)","decl":{"start":{"line":18,"column":13},"end":{"line":18,"column":14}},"loc":{"start":{"line":18,"column":27},"end":{"line":20,"column":1}},"line":18}},"branchMap":{},"s":{"0":3,"1":3,"2":3,"3":3,"4":3,"5":3,"6":0},"f":{"0":0},"b":{},"_coverageSchema":"1a1c01bbd47fc00a2c39e90264f33305004495a9","hash":"9a6554240ff9e1908c3aadc90151cb78852a3426"}
,"C:\\Users\\fabio\\OneDrive\\Ambiente de Trabalho\\API Mercado\\API-Mercado-Inclusivo\\src\\config\\database.js": {"path":"C:\\Users\\fabio\\OneDrive\\Ambiente de Trabalho\\API Mercado\\API-Mercado-Inclusivo\\src\\config\\database.js","statementMap":{"0":{"start":{"line":3,"column":0},"end":{"line":3,"column":16}},"1":{"start":{"line":5,"column":15},"end":{"line":5,"column":46}},"2":{"start":{"line":7,"column":18},"end":{"line":11,"column":2}}},"fnMap":{},"branchMap":{"0":{"loc":{"start":{"line":9,"column":11},"end":{"line":9,"column":80}},"type":"cond-expr","locations":[{"start":{"line":9,"column":20},"end":{"line":9,"column":30}},{"start":{"line":9,"column":34},"end":{"line":9,"column":79}}],"line":9},"1":{"loc":{"start":{"line":9,"column":34},"end":{"line":9,"column":79}},"type":"binary-expr","locations":[{"start":{"line":9,"column":34},"end":{"line":9,"column":56}},{"start":{"line":9,"column":60},"end":{"line":9,"column":79}}],"line":9}},"s":{"0":3,"1":3,"2":3},"f":{},"b":{"0":[3,0],"1":[0,0]},"_coverageSchema":"1a1c01bbd47fc00a2c39e90264f33305004495a9","hash":"defe363cdb56318f73454253f5a62dd4c93c27b1"}
,"C:\\Users\\fabio\\OneDrive\\Ambiente de Trabalho\\API Mercado\\API-Mercado-Inclusivo\\src\\controllers\\candidatura.controller.js": {"path":"C:\\Users\\fabio\\OneDrive\\Ambiente de Trabalho\\API Mercado\\API-Mercado-Inclusivo\\src\\controllers\\candidatura.controller.js","statementMap":{"0":{"start":{"line":4,"column":33},"end":{"line":11,"column":1}},"1":{"start":{"line":5,"column":4},"end":{"line":10,"column":5}},"2":{"start":{"line":6,"column":32},"end":{"line":6,"column":66}},"3":{"start":{"line":7,"column":8},"end":{"line":7,"column":53}},"4":{"start":{"line":9,"column":8},"end":{"line":9,"column":62}},"5":{"start":{"line":14,"column":31},"end":{"line":21,"column":1}},"6":{"start":{"line":15,"column":4},"end":{"line":20,"column":5}},"7":{"start":{"line":16,"column":29},"end":{"line":16,"column":56}},"8":{"start":{"line":17,"column":8},"end":{"line":17,"column":50}},"9":{"start":{"line":19,"column":8},"end":{"line":19,"column":62}},"10":{"start":{"line":24,"column":34},"end":{"line":34,"column":1}},"11":{"start":{"line":25,"column":4},"end":{"line":33,"column":5}},"12":{"start":{"line":26,"column":28},"end":{"line":26,"column":69}},"13":{"start":{"line":27,"column":8},"end":{"line":29,"column":9}},"14":{"start":{"line":28,"column":12},"end":{"line":28,"column":81}},"15":{"start":{"line":30,"column":8},"end":{"line":30,"column":49}},"16":{"start":{"line":32,"column":8},"end":{"line":32,"column":62}},"17":{"start":{"line":37,"column":33},"end":{"line":48,"column":1}},"18":{"start":{"line":38,"column":4},"end":{"line":47,"column":5}},"19":{"start":{"line":39,"column":28},"end":{"line":39,"column":69}},"20":{"start":{"line":40,"column":8},"end":{"line":42,"column":9}},"21":{"start":{"line":41,"column":12},"end":{"line":41,"column":81}},"22":{"start":{"line":43,"column":8},"end":{"line":43,"column":43}},"23":{"start":{"line":44,"column":8},"end":{"line":44,"column":49}},"24":{"start":{"line":46,"column":8},"end":{"line":46,"column":62}},"25":{"start":{"line":51,"column":33},"end":{"line":62,"column":1}},"26":{"start":{"line":52,"column":4},"end":{"line":61,"column":5}},"27":{"start":{"line":53,"column":28},"end":{"line":53,"column":69}},"28":{"start":{"line":54,"column":8},"end":{"line":56,"column":9}},"29":{"start":{"line":55,"column":12},"end":{"line":55,"column":81}},"30":{"start":{"line":57,"column":8},"end":{"line":57,"column":36}},"31":{"start":{"line":58,"column":8},"end":{"line":58,"column":38}},"32":{"start":{"line":60,"column":8},"end":{"line":60,"column":62}}},"fnMap":{"0":{"name":"(anonymous_0)","decl":{"start":{"line":4,"column":33},"end":{"line":4,"column":34}},"loc":{"start":{"line":4,"column":53},"end":{"line":11,"column":1}},"line":4},"1":{"name":"(anonymous_1)","decl":{"start":{"line":14,"column":31},"end":{"line":14,"column":32}},"loc":{"start":{"line":14,"column":52},"end":{"line":21,"column":1}},"line":14},"2":{"name":"(anonymous_2)","decl":{"start":{"line":24,"column":34},"end":{"line":24,"column":35}},"loc":{"start":{"line":24,"column":54},"end":{"line":34,"column":1}},"line":24},"3":{"name":"(anonymous_3)","decl":{"start":{"line":37,"column":33},"end":{"line":37,"column":34}},"loc":{"start":{"line":37,"column":53},"end":{"line":48,"column":1}},"line":37},"4":{"name":"(anonymous_4)","decl":{"start":{"line":51,"column":33},"end":{"line":51,"column":34}},"loc":{"start":{"line":51,"column":53},"end":{"line":62,"column":1}},"line":51}},"branchMap":{"0":{"loc":{"start":{"line":27,"column":8},"end":{"line":29,"column":9}},"type":"if","locations":[{"start":{"line":27,"column":8},"end":{"line":29,"column":9}},{"start":{},"end":{}}],"line":27},"1":{"loc":{"start":{"line":40,"column":8},"end":{"line":42,"column":9}},"type":"if","locations":[{"start":{"line":40,"column":8},"end":{"line":42,"column":9}},{"start":{},"end":{}}],"line":40},"2":{"loc":{"start":{"line":54,"column":8},"end":{"line":56,"column":9}},"type":"if","locations":[{"start":{"line":54,"column":8},"end":{"line":56,"column":9}},{"start":{},"end":{}}],"line":54}},"s":{"0":3,"1":1,"2":1,"3":1,"4":0,"5":3,"6":1,"7":1,"8":1,"9":0,"10":3,"11":1,"12":1,"13":1,"14":0,"15":1,"16":0,"17":3,"18":1,"19":1,"20":1,"21":0,"22":1,"23":1,"24":0,"25":3,"26":1,"27":1,"28":1,"29":0,"30":1,"31":1,"32":0},"f":{"0":1,"1":1,"2":1,"3":1,"4":1},"b":{"0":[0,1],"1":[0,1],"2":[0,1]},"_coverageSchema":"1a1c01bbd47fc00a2c39e90264f33305004495a9","hash":"03487874a5d349b4b4e4f3d8ae1bf2f1242b3069"}
,"C:\\Users\\fabio\\OneDrive\\Ambiente de Trabalho\\API Mercado\\API-Mercado-Inclusivo\\src\\controllers\\usuario.controller.js": {"path":"C:\\Users\\fabio\\OneDrive\\Ambiente de Trabalho\\API Mercado\\API-Mercado-Inclusivo\\src\\controllers\\usuario.controller.js","statementMap":{"0":{"start":{"line":4,"column":29},"end":{"line":11,"column":1}},"1":{"start":{"line":5,"column":2},"end":{"line":10,"column":3}},"2":{"start":{"line":6,"column":24},"end":{"line":6,"column":54}},"3":{"start":{"line":7,"column":4},"end":{"line":7,"column":45}},"4":{"start":{"line":9,"column":4},"end":{"line":9,"column":58}},"5":{"start":{"line":14,"column":27},"end":{"line":21,"column":1}},"6":{"start":{"line":15,"column":2},"end":{"line":20,"column":3}},"7":{"start":{"line":16,"column":21},"end":{"line":16,"column":44}},"8":{"start":{"line":17,"column":4},"end":{"line":17,"column":42}},"9":{"start":{"line":19,"column":4},"end":{"line":19,"column":58}},"10":{"start":{"line":24,"column":30},"end":{"line":34,"column":1}},"11":{"start":{"line":25,"column":2},"end":{"line":33,"column":3}},"12":{"start":{"line":26,"column":20},"end":{"line":26,"column":57}},"13":{"start":{"line":27,"column":4},"end":{"line":29,"column":5}},"14":{"start":{"line":28,"column":6},"end":{"line":28,"column":71}},"15":{"start":{"line":30,"column":4},"end":{"line":30,"column":41}},"16":{"start":{"line":32,"column":4},"end":{"line":32,"column":58}},"17":{"start":{"line":37,"column":29},"end":{"line":49,"column":1}},"18":{"start":{"line":38,"column":2},"end":{"line":48,"column":3}},"19":{"start":{"line":39,"column":20},"end":{"line":39,"column":57}},"20":{"start":{"line":40,"column":4},"end":{"line":42,"column":5}},"21":{"start":{"line":41,"column":6},"end":{"line":41,"column":71}},"22":{"start":{"line":44,"column":4},"end":{"line":44,"column":35}},"23":{"start":{"line":45,"column":4},"end":{"line":45,"column":41}},"24":{"start":{"line":47,"column":4},"end":{"line":47,"column":58}},"25":{"start":{"line":52,"column":29},"end":{"line":64,"column":1}},"26":{"start":{"line":53,"column":2},"end":{"line":63,"column":3}},"27":{"start":{"line":54,"column":20},"end":{"line":54,"column":57}},"28":{"start":{"line":55,"column":4},"end":{"line":57,"column":5}},"29":{"start":{"line":56,"column":6},"end":{"line":56,"column":71}},"30":{"start":{"line":59,"column":4},"end":{"line":59,"column":28}},"31":{"start":{"line":60,"column":4},"end":{"line":60,"column":34}},"32":{"start":{"line":62,"column":4},"end":{"line":62,"column":58}}},"fnMap":{"0":{"name":"(anonymous_0)","decl":{"start":{"line":4,"column":29},"end":{"line":4,"column":30}},"loc":{"start":{"line":4,"column":49},"end":{"line":11,"column":1}},"line":4},"1":{"name":"(anonymous_1)","decl":{"start":{"line":14,"column":27},"end":{"line":14,"column":28}},"loc":{"start":{"line":14,"column":48},"end":{"line":21,"column":1}},"line":14},"2":{"name":"(anonymous_2)","decl":{"start":{"line":24,"column":30},"end":{"line":24,"column":31}},"loc":{"start":{"line":24,"column":50},"end":{"line":34,"column":1}},"line":24},"3":{"name":"(anonymous_3)","decl":{"start":{"line":37,"column":29},"end":{"line":37,"column":30}},"loc":{"start":{"line":37,"column":49},"end":{"line":49,"column":1}},"line":37},"4":{"name":"(anonymous_4)","decl":{"start":{"line":52,"column":29},"end":{"line":52,"column":30}},"loc":{"start":{"line":52,"column":49},"end":{"line":64,"column":1}},"line":52}},"branchMap":{"0":{"loc":{"start":{"line":27,"column":4},"end":{"line":29,"column":5}},"type":"if","locations":[{"start":{"line":27,"column":4},"end":{"line":29,"column":5}},{"start":{},"end":{}}],"line":27},"1":{"loc":{"start":{"line":40,"column":4},"end":{"line":42,"column":5}},"type":"if","locations":[{"start":{"line":40,"column":4},"end":{"line":42,"column":5}},{"start":{},"end":{}}],"line":40},"2":{"loc":{"start":{"line":55,"column":4},"end":{"line":57,"column":5}},"type":"if","locations":[{"start":{"line":55,"column":4},"end":{"line":57,"column":5}},{"start":{},"end":{}}],"line":55}},"s":{"0":3,"1":2,"2":2,"3":2,"4":0,"5":3,"6":1,"7":1,"8":1,"9":0,"10":3,"11":1,"12":1,"13":1,"14":0,"15":1,"16":0,"17":3,"18":1,"19":1,"20":1,"21":0,"22":1,"23":1,"24":0,"25":3,"26":1,"27":1,"28":1,"29":0,"30":1,"31":1,"32":0},"f":{"0":2,"1":1,"2":1,"3":1,"4":1},"b":{"0":[0,1],"1":[0,1],"2":[0,1]},"_coverageSchema":"1a1c01bbd47fc00a2c39e90264f33305004495a9","hash":"108845c334801066ec879a3b6fbb99513fff9823"}
,"C:\\Users\\fabio\\OneDrive\\Ambiente de Trabalho\\API Mercado\\API-Mercado-Inclusivo\\src\\controllers\\vaga.controller.js": {"path":"C:\\Users\\fabio\\OneDrive\\Ambiente de Trabalho\\API Mercado\\API-Mercado-Inclusivo\\src\\controllers\\vaga.controller.js","statementMap":{"0":{"start":{"line":4,"column":27},"end":{"line":11,"column":1}},"1":{"start":{"line":5,"column":2},"end":{"line":10,"column":3}},"2":{"start":{"line":6,"column":18},"end":{"line":6,"column":38}},"3":{"start":{"line":7,"column":4},"end":{"line":7,"column":20}},"4":{"start":{"line":9,"column":4},"end":{"line":9,"column":59}},"5":{"start":{"line":14,"column":26},"end":{"line":21,"column":1}},"6":{"start":{"line":15,"column":2},"end":{"line":20,"column":3}},"7":{"start":{"line":16,"column":17},"end":{"line":16,"column":44}},"8":{"start":{"line":17,"column":4},"end":{"line":17,"column":31}},"9":{"start":{"line":19,"column":4},"end":{"line":19,"column":57}},"10":{"start":{"line":24,"column":27},"end":{"line":32,"column":1}},"11":{"start":{"line":25,"column":2},"end":{"line":31,"column":3}},"12":{"start":{"line":26,"column":17},"end":{"line":26,"column":51}},"13":{"start":{"line":27,"column":4},"end":{"line":27,"column":76}},"14":{"start":{"line":27,"column":15},"end":{"line":27,"column":76}},"15":{"start":{"line":28,"column":4},"end":{"line":28,"column":19}},"16":{"start":{"line":30,"column":4},"end":{"line":30,"column":58}},"17":{"start":{"line":35,"column":26},"end":{"line":45,"column":1}},"18":{"start":{"line":36,"column":2},"end":{"line":44,"column":3}},"19":{"start":{"line":37,"column":17},"end":{"line":37,"column":51}},"20":{"start":{"line":38,"column":4},"end":{"line":38,"column":76}},"21":{"start":{"line":38,"column":15},"end":{"line":38,"column":76}},"22":{"start":{"line":40,"column":4},"end":{"line":40,"column":32}},"23":{"start":{"line":41,"column":4},"end":{"line":41,"column":19}},"24":{"start":{"line":43,"column":4},"end":{"line":43,"column":61}},"25":{"start":{"line":48,"column":26},"end":{"line":58,"column":1}},"26":{"start":{"line":49,"column":2},"end":{"line":57,"column":3}},"27":{"start":{"line":50,"column":17},"end":{"line":50,"column":51}},"28":{"start":{"line":51,"column":4},"end":{"line":51,"column":76}},"29":{"start":{"line":51,"column":15},"end":{"line":51,"column":76}},"30":{"start":{"line":53,"column":4},"end":{"line":53,"column":25}},"31":{"start":{"line":54,"column":4},"end":{"line":54,"column":56}},"32":{"start":{"line":56,"column":4},"end":{"line":56,"column":59}}},"fnMap":{"0":{"name":"(anonymous_0)","decl":{"start":{"line":4,"column":27},"end":{"line":4,"column":28}},"loc":{"start":{"line":4,"column":47},"end":{"line":11,"column":1}},"line":4},"1":{"name":"(anonymous_1)","decl":{"start":{"line":14,"column":26},"end":{"line":14,"column":27}},"loc":{"start":{"line":14,"column":46},"end":{"line":21,"column":1}},"line":14},"2":{"name":"(anonymous_2)","decl":{"start":{"line":24,"column":27},"end":{"line":24,"column":28}},"loc":{"start":{"line":24,"column":47},"end":{"line":32,"column":1}},"line":24},"3":{"name":"(anonymous_3)","decl":{"start":{"line":35,"column":26},"end":{"line":35,"column":27}},"loc":{"start":{"line":35,"column":46},"end":{"line":45,"column":1}},"line":35},"4":{"name":"(anonymous_4)","decl":{"start":{"line":48,"column":26},"end":{"line":48,"column":27}},"loc":{"start":{"line":48,"column":46},"end":{"line":58,"column":1}},"line":48}},"branchMap":{"0":{"loc":{"start":{"line":27,"column":4},"end":{"line":27,"column":76}},"type":"if","locations":[{"start":{"line":27,"column":4},"end":{"line":27,"column":76}},{"start":{},"end":{}}],"line":27},"1":{"loc":{"start":{"line":38,"column":4},"end":{"line":38,"column":76}},"type":"if","locations":[{"start":{"line":38,"column":4},"end":{"line":38,"column":76}},{"start":{},"end":{}}],"line":38},"2":{"loc":{"start":{"line":51,"column":4},"end":{"line":51,"column":76}},"type":"if","locations":[{"start":{"line":51,"column":4},"end":{"line":51,"column":76}},{"start":{},"end":{}}],"line":51}},"s":{"0":3,"1":1,"2":1,"3":1,"4":0,"5":3,"6":1,"7":1,"8":1,"9":0,"10":3,"11":1,"12":1,"13":1,"14":0,"15":1,"16":0,"17":3,"18":1,"19":1,"20":1,"21":0,"22":1,"23":1,"24":0,"25":3,"26":1,"27":1,"28":1,"29":0,"30":1,"31":1,"32":0},"f":{"0":1,"1":1,"2":1,"3":1,"4":1},"b":{"0":[0,1],"1":[0,1],"2":[0,1]},"_coverageSchema":"1a1c01bbd47fc00a2c39e90264f33305004495a9","hash":"dea0b863205e534ffbcc44cda713b9914d0ae268"}
,"C:\\Users\\fabio\\OneDrive\\Ambiente de Trabalho\\API Mercado\\API-Mercado-Inclusivo\\src\\middleware\\cors.js": {"path":"C:\\Users\\fabio\\OneDrive\\Ambiente de Trabalho\\API Mercado\\API-Mercado-Inclusivo\\src\\middleware\\cors.js","statementMap":{"0":{"start":{"line":3,"column":20},"end":{"line":6,"column":1}}},"fnMap":{},"branchMap":{},"s":{"0":3},"f":{},"b":{},"_coverageSchema":"1a1c01bbd47fc00a2c39e90264f33305004495a9","hash":"7ac19cf8adc0ffc383afbecf7e4e7b0eb1d7c9b9"}
,"C:\\Users\\fabio\\OneDrive\\Ambiente de Trabalho\\API Mercado\\API-Mercado-Inclusivo\\src\\models\\candidatura.model.js": {"path":"C:\\Users\\fabio\\OneDrive\\Ambiente de Trabalho\\API Mercado\\API-Mercado-Inclusivo\\src\\models\\candidatura.model.js","statementMap":{"0":{"start":{"line":4,"column":24},"end":{"line":24,"column":6}},"1":{"start":{"line":26,"column":4},"end":{"line":26,"column":23}}},"fnMap":{"0":{"name":"(anonymous_0)","decl":{"start":{"line":3,"column":15},"end":{"line":3,"column":16}},"loc":{"start":{"line":3,"column":30},"end":{"line":27,"column":1}},"line":3}},"branchMap":{},"s":{"0":3,"1":3},"f":{"0":3},"b":{},"_coverageSchema":"1a1c01bbd47fc00a2c39e90264f33305004495a9","hash":"1f0d0a811ec04862c6f4dba5fad808d682bd80fd"}
,"C:\\Users\\fabio\\OneDrive\\Ambiente de Trabalho\\API Mercado\\API-Mercado-Inclusivo\\src\\models\\index.js": {"path":"C:\\Users\\fabio\\OneDrive\\Ambiente de Trabalho\\API Mercado\\API-Mercado-Inclusivo\\src\\models\\index.js","statementMap":{"0":{"start":{"line":6,"column":16},"end":{"line":6,"column":60}},"1":{"start":{"line":7,"column":20},"end":{"line":7,"column":68}},"2":{"start":{"line":9,"column":0},"end":{"line":9,"column":58}},"3":{"start":{"line":10,"column":0},"end":{"line":10,"column":60}}},"fnMap":{},"branchMap":{},"s":{"0":3,"1":3,"2":3,"3":3},"f":{},"b":{},"_coverageSchema":"1a1c01bbd47fc00a2c39e90264f33305004495a9","hash":"1121b89184abb0805e0aea992324340a87469d98"}
,"C:\\Users\\fabio\\OneDrive\\Ambiente de Trabalho\\API Mercado\\API-Mercado-Inclusivo\\src\\models\\usuario.model.js": {"path":"C:\\Users\\fabio\\OneDrive\\Ambiente de Trabalho\\API Mercado\\API-Mercado-Inclusivo\\src\\models\\usuario.model.js","statementMap":{"0":{"start":{"line":4,"column":18},"end":{"line":61,"column":4}},"1":{"start":{"line":51,"column":8},"end":{"line":53,"column":9}},"2":{"start":{"line":52,"column":10},"end":{"line":52,"column":63}},"3":{"start":{"line":56,"column":8},"end":{"line":58,"column":9}},"4":{"start":{"line":57,"column":10},"end":{"line":57,"column":63}},"5":{"start":{"line":63,"column":2},"end":{"line":63,"column":17}}},"fnMap":{"0":{"name":"(anonymous_0)","decl":{"start":{"line":3,"column":15},"end":{"line":3,"column":16}},"loc":{"start":{"line":3,"column":41},"end":{"line":64,"column":1}},"line":3},"1":{"name":"(anonymous_1)","decl":{"start":{"line":50,"column":20},"end":{"line":50,"column":21}},"loc":{"start":{"line":50,"column":39},"end":{"line":54,"column":7}},"line":50},"2":{"name":"(anonymous_2)","decl":{"start":{"line":55,"column":20},"end":{"line":55,"column":21}},"loc":{"start":{"line":55,"column":39},"end":{"line":59,"column":7}},"line":55}},"branchMap":{"0":{"loc":{"start":{"line":51,"column":8},"end":{"line":53,"column":9}},"type":"if","locations":[{"start":{"line":51,"column":8},"end":{"line":53,"column":9}},{"start":{},"end":{}}],"line":51},"1":{"loc":{"start":{"line":56,"column":8},"end":{"line":58,"column":9}},"type":"if","locations":[{"start":{"line":56,"column":8},"end":{"line":58,"column":9}},{"start":{},"end":{}}],"line":56}},"s":{"0":3,"1":2,"2":2,"3":1,"4":0,"5":3},"f":{"0":3,"1":2,"2":1},"b":{"0":[2,0],"1":[0,1]},"_coverageSchema":"1a1c01bbd47fc00a2c39e90264f33305004495a9","hash":"ee3f4945c3606b55996b56e27618c08dc99bcb42"}
,"C:\\Users\\fabio\\OneDrive\\Ambiente de Trabalho\\API Mercado\\API-Mercado-Inclusivo\\src\\models\\vaga.model.js": {"path":"C:\\Users\\fabio\\OneDrive\\Ambiente de Trabalho\\API Mercado\\API-Mercado-Inclusivo\\src\\models\\vaga.model.js","statementMap":{"0":{"start":{"line":4,"column":13},"end":{"line":25,"column":2}}},"fnMap":{},"branchMap":{},"s":{"0":3},"f":{},"b":{},"_coverageSchema":"1a1c01bbd47fc00a2c39e90264f33305004495a9","hash":"e846109681f92dd4c72ef02016b975ebde4727c8"}
,"C:\\Users\\fabio\\OneDrive\\Ambiente de Trabalho\\API Mercado\\API-Mercado-Inclusivo\\src\\routes\\candidatura.route.js": {"path":"C:\\Users\\fabio\\OneDrive\\Ambiente de Trabalho\\API Mercado\\API-Mercado-Inclusivo\\src\\routes\\candidatura.route.js","statementMap":{"0":{"start":{"line":10,"column":15},"end":{"line":10,"column":31}},"1":{"start":{"line":12,"column":0},"end":{"line":12,"column":36}},"2":{"start":{"line":13,"column":0},"end":{"line":13,"column":33}},"3":{"start":{"line":14,"column":0},"end":{"line":14,"column":39}},"4":{"start":{"line":15,"column":0},"end":{"line":15,"column":38}},"5":{"start":{"line":16,"column":0},"end":{"line":16,"column":41}}},"fnMap":{},"branchMap":{},"s":{"0":3,"1":3,"2":3,"3":3,"4":3,"5":3},"f":{},"b":{},"_coverageSchema":"1a1c01bbd47fc00a2c39e90264f33305004495a9","hash":"9adbdc385bd22660e38235dbad640a92f532c4e4"}
,"C:\\Users\\fabio\\OneDrive\\Ambiente de Trabalho\\API Mercado\\API-Mercado-Inclusivo\\src\\routes\\index.js": {"path":"C:\\Users\\fabio\\OneDrive\\Ambiente de Trabalho\\API Mercado\\API-Mercado-Inclusivo\\src\\routes\\index.js","statementMap":{"0":{"start":{"line":6,"column":15},"end":{"line":6,"column":31}},"1":{"start":{"line":8,"column":0},"end":{"line":8,"column":39}},"2":{"start":{"line":9,"column":0},"end":{"line":9,"column":47}},"3":{"start":{"line":10,"column":0},"end":{"line":10,"column":33}}},"fnMap":{},"branchMap":{},"s":{"0":3,"1":3,"2":3,"3":3},"f":{},"b":{},"_coverageSchema":"1a1c01bbd47fc00a2c39e90264f33305004495a9","hash":"f88224ef09e7e3dfeb917bc7a3145c4f97cc187e"}
,"C:\\Users\\fabio\\OneDrive\\Ambiente de Trabalho\\API Mercado\\API-Mercado-Inclusivo\\src\\routes\\usuario.route.js": {"path":"C:\\Users\\fabio\\OneDrive\\Ambiente de Trabalho\\API Mercado\\API-Mercado-Inclusivo\\src\\routes\\usuario.route.js","statementMap":{"0":{"start":{"line":10,"column":15},"end":{"line":10,"column":31}},"1":{"start":{"line":12,"column":0},"end":{"line":12,"column":32}},"2":{"start":{"line":13,"column":0},"end":{"line":13,"column":29}},"3":{"start":{"line":14,"column":0},"end":{"line":14,"column":35}},"4":{"start":{"line":15,"column":0},"end":{"line":15,"column":34}},"5":{"start":{"line":16,"column":0},"end":{"line":16,"column":37}}},"fnMap":{},"branchMap":{},"s":{"0":3,"1":3,"2":3,"3":3,"4":3,"5":3},"f":{},"b":{},"_coverageSchema":"1a1c01bbd47fc00a2c39e90264f33305004495a9","hash":"747bbcf564dcefa86b4a415d50d08269bd6ae272"}
,"C:\\Users\\fabio\\OneDrive\\Ambiente de Trabalho\\API Mercado\\API-Mercado-Inclusivo\\src\\routes\\vaga.route.js": {"path":"C:\\Users\\fabio\\OneDrive\\Ambiente de Trabalho\\API Mercado\\API-Mercado-Inclusivo\\src\\routes\\vaga.route.js","statementMap":{"0":{"start":{"line":10,"column":15},"end":{"line":10,"column":31}},"1":{"start":{"line":13,"column":0},"end":{"line":13,"column":29}},"2":{"start":{"line":14,"column":0},"end":{"line":14,"column":32}},"3":{"start":{"line":15,"column":0},"end":{"line":15,"column":29}},"4":{"start":{"line":16,"column":0},"end":{"line":16,"column":31}},"5":{"start":{"line":17,"column":0},"end":{"line":17,"column":34}}},"fnMap":{},"branchMap":{},"s":{"0":3,"1":3,"2":3,"3":3,"4":3,"5":3},"f":{},"b":{},"_coverageSchema":"1a1c01bbd47fc00a2c39e90264f33305004495a9","hash":"67c7ae364563ff15245a1051e83bbc6d0e2da561"}
}
