{"C:\\Users\\plugify\\Desktop\\API-Mercado-Inclusivo\\app.js": {"path":"C:\\Users\\plugify\\Desktop\\API-Mercado-Inclusivo\\app.js","statementMap":{"0":{"start":{"line":6,"column":0},"end":{"line":6,"column":16}},"1":{"start":{"line":8,"column":12},"end":{"line":8,"column":21}},"2":{"start":{"line":11,"column":0},"end":{"line":11,"column":24}},"3":{"start":{"line":12,"column":0},"end":{"line":12,"column":24}},"4":{"start":{"line":15,"column":0},"end":{"line":15,"column":16}},"5":{"start":{"line":18,"column":0},"end":{"line":20,"column":3}},"6":{"start":{"line":19,"column":2},"end":{"line":19,"column":45}},"7":{"start":{"line":22,"column":0},"end":{"line":25,"column":3}},"8":{"start":{"line":23,"column":2},"end":{"line":23,"column":27}},"9":{"start":{"line":24,"column":2},"end":{"line":24,"column":65}}},"fnMap":{"0":{"name":"(anonymous_0)","decl":{"start":{"line":18,"column":13},"end":{"line":18,"column":14}},"loc":{"start":{"line":18,"column":27},"end":{"line":20,"column":1}},"line":18},"1":{"name":"(anonymous_1)","decl":{"start":{"line":22,"column":8},"end":{"line":22,"column":9}},"loc":{"start":{"line":22,"column":33},"end":{"line":25,"column":1}},"line":22}},"branchMap":{},"s":{"0":4,"1":4,"2":4,"3":4,"4":4,"5":4,"6":0,"7":4,"8":0,"9":0},"f":{"0":0,"1":0},"b":{},"_coverageSchema":"1a1c01bbd47fc00a2c39e90264f33305004495a9","hash":"4392dedd2ede90f9d886b7cd45ac19bfd7ea808a"}
,"C:\\Users\\plugify\\Desktop\\API-Mercado-Inclusivo\\src\\config\\database.js": {"path":"C:\\Users\\plugify\\Desktop\\API-Mercado-Inclusivo\\src\\config\\database.js","statementMap":{"0":{"start":{"line":3,"column":0},"end":{"line":3,"column":16}},"1":{"start":{"line":5,"column":15},"end":{"line":5,"column":46}},"2":{"start":{"line":7,"column":18},"end":{"line":11,"column":2}},"3":{"start":{"line":14,"column":2},"end":{"line":14,"column":40}},"4":{"start":{"line":18,"column":2},"end":{"line":18,"column":26}}},"fnMap":{"0":{"name":"setupDatabase","decl":{"start":{"line":13,"column":22},"end":{"line":13,"column":35}},"loc":{"start":{"line":13,"column":38},"end":{"line":15,"column":1}},"line":13},"1":{"name":"closeDatabase","decl":{"start":{"line":17,"column":22},"end":{"line":17,"column":35}},"loc":{"start":{"line":17,"column":38},"end":{"line":19,"column":1}},"line":17}},"branchMap":{"0":{"loc":{"start":{"line":9,"column":11},"end":{"line":9,"column":80}},"type":"cond-expr","locations":[{"start":{"line":9,"column":20},"end":{"line":9,"column":30}},{"start":{"line":9,"column":34},"end":{"line":9,"column":79}}],"line":9},"1":{"loc":{"start":{"line":9,"column":34},"end":{"line":9,"column":79}},"type":"binary-expr","locations":[{"start":{"line":9,"column":34},"end":{"line":9,"column":56}},{"start":{"line":9,"column":60},"end":{"line":9,"column":79}}],"line":9}},"s":{"0":4,"1":4,"2":4,"3":4,"4":4},"f":{"0":4,"1":4},"b":{"0":[4,0],"1":[0,0]},"_coverageSchema":"1a1c01bbd47fc00a2c39e90264f33305004495a9","hash":"8030295bfbc19cdcf06f0c4a279133089835ee52"}
,"C:\\Users\\plugify\\Desktop\\API-Mercado-Inclusivo\\src\\controllers\\candidatura.controller.js": {"path":"C:\\Users\\plugify\\Desktop\\API-Mercado-Inclusivo\\src\\controllers\\candidatura.controller.js","statementMap":{"0":{"start":{"line":4,"column":33},"end":{"line":11,"column":1}},"1":{"start":{"line":5,"column":4},"end":{"line":10,"column":5}},"2":{"start":{"line":6,"column":32},"end":{"line":6,"column":66}},"3":{"start":{"line":7,"column":8},"end":{"line":7,"column":53}},"4":{"start":{"line":9,"column":8},"end":{"line":9,"column":62}},"5":{"start":{"line":14,"column":31},"end":{"line":21,"column":1}},"6":{"start":{"line":15,"column":4},"end":{"line":20,"column":5}},"7":{"start":{"line":16,"column":29},"end":{"line":16,"column":56}},"8":{"start":{"line":17,"column":8},"end":{"line":17,"column":50}},"9":{"start":{"line":19,"column":8},"end":{"line":19,"column":62}},"10":{"start":{"line":24,"column":34},"end":{"line":34,"column":1}},"11":{"start":{"line":25,"column":4},"end":{"line":33,"column":5}},"12":{"start":{"line":26,"column":28},"end":{"line":26,"column":69}},"13":{"start":{"line":27,"column":8},"end":{"line":29,"column":9}},"14":{"start":{"line":28,"column":12},"end":{"line":28,"column":81}},"15":{"start":{"line":30,"column":8},"end":{"line":30,"column":49}},"16":{"start":{"line":32,"column":8},"end":{"line":32,"column":62}},"17":{"start":{"line":37,"column":33},"end":{"line":48,"column":1}},"18":{"start":{"line":38,"column":4},"end":{"line":47,"column":5}},"19":{"start":{"line":39,"column":28},"end":{"line":39,"column":69}},"20":{"start":{"line":40,"column":8},"end":{"line":42,"column":9}},"21":{"start":{"line":41,"column":12},"end":{"line":41,"column":81}},"22":{"start":{"line":43,"column":8},"end":{"line":43,"column":43}},"23":{"start":{"line":44,"column":8},"end":{"line":44,"column":49}},"24":{"start":{"line":46,"column":8},"end":{"line":46,"column":62}},"25":{"start":{"line":51,"column":33},"end":{"line":62,"column":1}},"26":{"start":{"line":52,"column":4},"end":{"line":61,"column":5}},"27":{"start":{"line":53,"column":28},"end":{"line":53,"column":69}},"28":{"start":{"line":54,"column":8},"end":{"line":56,"column":9}},"29":{"start":{"line":55,"column":12},"end":{"line":55,"column":81}},"30":{"start":{"line":57,"column":8},"end":{"line":57,"column":36}},"31":{"start":{"line":58,"column":8},"end":{"line":58,"column":38}},"32":{"start":{"line":60,"column":8},"end":{"line":60,"column":62}}},"fnMap":{"0":{"name":"(anonymous_0)","decl":{"start":{"line":4,"column":33},"end":{"line":4,"column":34}},"loc":{"start":{"line":4,"column":53},"end":{"line":11,"column":1}},"line":4},"1":{"name":"(anonymous_1)","decl":{"start":{"line":14,"column":31},"end":{"line":14,"column":32}},"loc":{"start":{"line":14,"column":52},"end":{"line":21,"column":1}},"line":14},"2":{"name":"(anonymous_2)","decl":{"start":{"line":24,"column":34},"end":{"line":24,"column":35}},"loc":{"start":{"line":24,"column":54},"end":{"line":34,"column":1}},"line":24},"3":{"name":"(anonymous_3)","decl":{"start":{"line":37,"column":33},"end":{"line":37,"column":34}},"loc":{"start":{"line":37,"column":53},"end":{"line":48,"column":1}},"line":37},"4":{"name":"(anonymous_4)","decl":{"start":{"line":51,"column":33},"end":{"line":51,"column":34}},"loc":{"start":{"line":51,"column":53},"end":{"line":62,"column":1}},"line":51}},"branchMap":{"0":{"loc":{"start":{"line":27,"column":8},"end":{"line":29,"column":9}},"type":"if","locations":[{"start":{"line":27,"column":8},"end":{"line":29,"column":9}},{"start":{},"end":{}}],"line":27},"1":{"loc":{"start":{"line":40,"column":8},"end":{"line":42,"column":9}},"type":"if","locations":[{"start":{"line":40,"column":8},"end":{"line":42,"column":9}},{"start":{},"end":{}}],"line":40},"2":{"loc":{"start":{"line":54,"column":8},"end":{"line":56,"column":9}},"type":"if","locations":[{"start":{"line":54,"column":8},"end":{"line":56,"column":9}},{"start":{},"end":{}}],"line":54}},"s":{"0":4,"1":1,"2":1,"3":1,"4":0,"5":4,"6":1,"7":1,"8":1,"9":0,"10":4,"11":2,"12":2,"13":2,"14":1,"15":1,"16":0,"17":4,"18":1,"19":1,"20":1,"21":0,"22":1,"23":1,"24":0,"25":4,"26":1,"27":1,"28":1,"29":0,"30":1,"31":1,"32":0},"f":{"0":1,"1":1,"2":2,"3":1,"4":1},"b":{"0":[1,1],"1":[0,1],"2":[0,1]},"_coverageSchema":"1a1c01bbd47fc00a2c39e90264f33305004495a9","hash":"8004b7f29c0e819116ac03fc6887a22bbf93bd85"}
,"C:\\Users\\plugify\\Desktop\\API-Mercado-Inclusivo\\src\\controllers\\empresa.controller.js": {"path":"C:\\Users\\plugify\\Desktop\\API-Mercado-Inclusivo\\src\\controllers\\empresa.controller.js","statementMap":{"0":{"start":{"line":4,"column":28},"end":{"line":11,"column":1}},"1":{"start":{"line":5,"column":2},"end":{"line":10,"column":3}},"2":{"start":{"line":6,"column":20},"end":{"line":6,"column":50}},"3":{"start":{"line":7,"column":4},"end":{"line":7,"column":41}},"4":{"start":{"line":9,"column":4},"end":{"line":9,"column":57}},"5":{"start":{"line":14,"column":30},"end":{"line":21,"column":1}},"6":{"start":{"line":15,"column":2},"end":{"line":20,"column":3}},"7":{"start":{"line":16,"column":21},"end":{"line":16,"column":44}},"8":{"start":{"line":17,"column":4},"end":{"line":17,"column":30}},"9":{"start":{"line":19,"column":4},"end":{"line":19,"column":57}},"10":{"start":{"line":24,"column":29},"end":{"line":34,"column":1}},"11":{"start":{"line":25,"column":2},"end":{"line":33,"column":3}},"12":{"start":{"line":26,"column":20},"end":{"line":26,"column":57}},"13":{"start":{"line":27,"column":4},"end":{"line":29,"column":5}},"14":{"start":{"line":28,"column":6},"end":{"line":28,"column":70}},"15":{"start":{"line":30,"column":4},"end":{"line":30,"column":29}},"16":{"start":{"line":32,"column":4},"end":{"line":32,"column":57}},"17":{"start":{"line":37,"column":32},"end":{"line":50,"column":1}},"18":{"start":{"line":38,"column":2},"end":{"line":49,"column":3}},"19":{"start":{"line":39,"column":22},"end":{"line":41,"column":6}},"20":{"start":{"line":42,"column":4},"end":{"line":45,"column":5}},"21":{"start":{"line":43,"column":32},"end":{"line":43,"column":69}},"22":{"start":{"line":44,"column":6},"end":{"line":44,"column":41}},"23":{"start":{"line":46,"column":4},"end":{"line":46,"column":68}},"24":{"start":{"line":48,"column":4},"end":{"line":48,"column":57}},"25":{"start":{"line":53,"column":30},"end":{"line":65,"column":1}},"26":{"start":{"line":54,"column":2},"end":{"line":64,"column":3}},"27":{"start":{"line":55,"column":20},"end":{"line":57,"column":6}},"28":{"start":{"line":58,"column":4},"end":{"line":60,"column":5}},"29":{"start":{"line":59,"column":6},"end":{"line":59,"column":68}},"30":{"start":{"line":61,"column":4},"end":{"line":61,"column":68}},"31":{"start":{"line":63,"column":4},"end":{"line":63,"column":57}}},"fnMap":{"0":{"name":"(anonymous_0)","decl":{"start":{"line":4,"column":28},"end":{"line":4,"column":29}},"loc":{"start":{"line":4,"column":48},"end":{"line":11,"column":1}},"line":4},"1":{"name":"(anonymous_1)","decl":{"start":{"line":14,"column":30},"end":{"line":14,"column":31}},"loc":{"start":{"line":14,"column":50},"end":{"line":21,"column":1}},"line":14},"2":{"name":"(anonymous_2)","decl":{"start":{"line":24,"column":29},"end":{"line":24,"column":30}},"loc":{"start":{"line":24,"column":49},"end":{"line":34,"column":1}},"line":24},"3":{"name":"(anonymous_3)","decl":{"start":{"line":37,"column":32},"end":{"line":37,"column":33}},"loc":{"start":{"line":37,"column":52},"end":{"line":50,"column":1}},"line":37},"4":{"name":"(anonymous_4)","decl":{"start":{"line":53,"column":30},"end":{"line":53,"column":31}},"loc":{"start":{"line":53,"column":50},"end":{"line":65,"column":1}},"line":53}},"branchMap":{"0":{"loc":{"start":{"line":27,"column":4},"end":{"line":29,"column":5}},"type":"if","locations":[{"start":{"line":27,"column":4},"end":{"line":29,"column":5}},{"start":{},"end":{}}],"line":27},"1":{"loc":{"start":{"line":42,"column":4},"end":{"line":45,"column":5}},"type":"if","locations":[{"start":{"line":42,"column":4},"end":{"line":45,"column":5}},{"start":{},"end":{}}],"line":42},"2":{"loc":{"start":{"line":58,"column":4},"end":{"line":60,"column":5}},"type":"if","locations":[{"start":{"line":58,"column":4},"end":{"line":60,"column":5}},{"start":{},"end":{}}],"line":58}},"s":{"0":4,"1":1,"2":1,"3":1,"4":0,"5":4,"6":1,"7":1,"8":1,"9":0,"10":4,"11":1,"12":1,"13":1,"14":0,"15":1,"16":0,"17":4,"18":1,"19":1,"20":1,"21":1,"22":1,"23":0,"24":0,"25":4,"26":1,"27":1,"28":1,"29":1,"30":0,"31":0},"f":{"0":1,"1":1,"2":1,"3":1,"4":1},"b":{"0":[0,1],"1":[1,0],"2":[1,0]},"_coverageSchema":"1a1c01bbd47fc00a2c39e90264f33305004495a9","hash":"0c173ef48c3ecd310dd5660856f3342025b689b6"}
,"C:\\Users\\plugify\\Desktop\\API-Mercado-Inclusivo\\src\\controllers\\usuario.controller.js": {"path":"C:\\Users\\plugify\\Desktop\\API-Mercado-Inclusivo\\src\\controllers\\usuario.controller.js","statementMap":{"0":{"start":{"line":4,"column":29},"end":{"line":11,"column":1}},"1":{"start":{"line":5,"column":2},"end":{"line":10,"column":3}},"2":{"start":{"line":6,"column":24},"end":{"line":6,"column":54}},"3":{"start":{"line":7,"column":4},"end":{"line":7,"column":45}},"4":{"start":{"line":9,"column":4},"end":{"line":9,"column":58}},"5":{"start":{"line":14,"column":27},"end":{"line":21,"column":1}},"6":{"start":{"line":15,"column":2},"end":{"line":20,"column":3}},"7":{"start":{"line":16,"column":21},"end":{"line":16,"column":44}},"8":{"start":{"line":17,"column":4},"end":{"line":17,"column":42}},"9":{"start":{"line":19,"column":4},"end":{"line":19,"column":58}},"10":{"start":{"line":24,"column":30},"end":{"line":34,"column":1}},"11":{"start":{"line":25,"column":2},"end":{"line":33,"column":3}},"12":{"start":{"line":26,"column":20},"end":{"line":26,"column":57}},"13":{"start":{"line":27,"column":4},"end":{"line":29,"column":5}},"14":{"start":{"line":28,"column":6},"end":{"line":28,"column":71}},"15":{"start":{"line":30,"column":4},"end":{"line":30,"column":41}},"16":{"start":{"line":32,"column":4},"end":{"line":32,"column":58}},"17":{"start":{"line":37,"column":29},"end":{"line":49,"column":1}},"18":{"start":{"line":38,"column":2},"end":{"line":48,"column":3}},"19":{"start":{"line":39,"column":20},"end":{"line":39,"column":57}},"20":{"start":{"line":40,"column":4},"end":{"line":42,"column":5}},"21":{"start":{"line":41,"column":6},"end":{"line":41,"column":71}},"22":{"start":{"line":44,"column":4},"end":{"line":44,"column":35}},"23":{"start":{"line":45,"column":4},"end":{"line":45,"column":41}},"24":{"start":{"line":47,"column":4},"end":{"line":47,"column":58}},"25":{"start":{"line":52,"column":29},"end":{"line":64,"column":1}},"26":{"start":{"line":53,"column":2},"end":{"line":63,"column":3}},"27":{"start":{"line":54,"column":20},"end":{"line":54,"column":57}},"28":{"start":{"line":55,"column":4},"end":{"line":57,"column":5}},"29":{"start":{"line":56,"column":6},"end":{"line":56,"column":71}},"30":{"start":{"line":59,"column":4},"end":{"line":59,"column":28}},"31":{"start":{"line":60,"column":4},"end":{"line":60,"column":34}},"32":{"start":{"line":62,"column":4},"end":{"line":62,"column":58}}},"fnMap":{"0":{"name":"(anonymous_0)","decl":{"start":{"line":4,"column":29},"end":{"line":4,"column":30}},"loc":{"start":{"line":4,"column":49},"end":{"line":11,"column":1}},"line":4},"1":{"name":"(anonymous_1)","decl":{"start":{"line":14,"column":27},"end":{"line":14,"column":28}},"loc":{"start":{"line":14,"column":48},"end":{"line":21,"column":1}},"line":14},"2":{"name":"(anonymous_2)","decl":{"start":{"line":24,"column":30},"end":{"line":24,"column":31}},"loc":{"start":{"line":24,"column":50},"end":{"line":34,"column":1}},"line":24},"3":{"name":"(anonymous_3)","decl":{"start":{"line":37,"column":29},"end":{"line":37,"column":30}},"loc":{"start":{"line":37,"column":49},"end":{"line":49,"column":1}},"line":37},"4":{"name":"(anonymous_4)","decl":{"start":{"line":52,"column":29},"end":{"line":52,"column":30}},"loc":{"start":{"line":52,"column":49},"end":{"line":64,"column":1}},"line":52}},"branchMap":{"0":{"loc":{"start":{"line":27,"column":4},"end":{"line":29,"column":5}},"type":"if","locations":[{"start":{"line":27,"column":4},"end":{"line":29,"column":5}},{"start":{},"end":{}}],"line":27},"1":{"loc":{"start":{"line":40,"column":4},"end":{"line":42,"column":5}},"type":"if","locations":[{"start":{"line":40,"column":4},"end":{"line":42,"column":5}},{"start":{},"end":{}}],"line":40},"2":{"loc":{"start":{"line":55,"column":4},"end":{"line":57,"column":5}},"type":"if","locations":[{"start":{"line":55,"column":4},"end":{"line":57,"column":5}},{"start":{},"end":{}}],"line":55}},"s":{"0":4,"1":2,"2":2,"3":2,"4":0,"5":4,"6":1,"7":1,"8":1,"9":0,"10":4,"11":1,"12":1,"13":1,"14":0,"15":1,"16":0,"17":4,"18":1,"19":1,"20":1,"21":0,"22":1,"23":1,"24":0,"25":4,"26":1,"27":1,"28":1,"29":0,"30":1,"31":1,"32":0},"f":{"0":2,"1":1,"2":1,"3":1,"4":1},"b":{"0":[0,1],"1":[0,1],"2":[0,1]},"_coverageSchema":"1a1c01bbd47fc00a2c39e90264f33305004495a9","hash":"b6835a54e28d77adf9af73dbff2b81b8fd06def0"}
,"C:\\Users\\plugify\\Desktop\\API-Mercado-Inclusivo\\src\\controllers\\vaga.controller.js": {"path":"C:\\Users\\plugify\\Desktop\\API-Mercado-Inclusivo\\src\\controllers\\vaga.controller.js","statementMap":{"0":{"start":{"line":4,"column":27},"end":{"line":11,"column":1}},"1":{"start":{"line":5,"column":2},"end":{"line":10,"column":3}},"2":{"start":{"line":6,"column":18},"end":{"line":6,"column":38}},"3":{"start":{"line":7,"column":4},"end":{"line":7,"column":20}},"4":{"start":{"line":9,"column":4},"end":{"line":9,"column":59}},"5":{"start":{"line":14,"column":26},"end":{"line":21,"column":1}},"6":{"start":{"line":15,"column":2},"end":{"line":20,"column":3}},"7":{"start":{"line":16,"column":17},"end":{"line":16,"column":44}},"8":{"start":{"line":17,"column":4},"end":{"line":17,"column":31}},"9":{"start":{"line":19,"column":4},"end":{"line":19,"column":57}},"10":{"start":{"line":24,"column":27},"end":{"line":32,"column":1}},"11":{"start":{"line":25,"column":2},"end":{"line":31,"column":3}},"12":{"start":{"line":26,"column":17},"end":{"line":26,"column":51}},"13":{"start":{"line":27,"column":4},"end":{"line":27,"column":76}},"14":{"start":{"line":27,"column":15},"end":{"line":27,"column":76}},"15":{"start":{"line":28,"column":4},"end":{"line":28,"column":19}},"16":{"start":{"line":30,"column":4},"end":{"line":30,"column":58}},"17":{"start":{"line":35,"column":26},"end":{"line":45,"column":1}},"18":{"start":{"line":36,"column":2},"end":{"line":44,"column":3}},"19":{"start":{"line":37,"column":17},"end":{"line":37,"column":51}},"20":{"start":{"line":38,"column":4},"end":{"line":38,"column":76}},"21":{"start":{"line":38,"column":15},"end":{"line":38,"column":76}},"22":{"start":{"line":40,"column":4},"end":{"line":40,"column":32}},"23":{"start":{"line":41,"column":4},"end":{"line":41,"column":19}},"24":{"start":{"line":43,"column":4},"end":{"line":43,"column":61}},"25":{"start":{"line":48,"column":26},"end":{"line":58,"column":1}},"26":{"start":{"line":49,"column":2},"end":{"line":57,"column":3}},"27":{"start":{"line":50,"column":17},"end":{"line":50,"column":51}},"28":{"start":{"line":51,"column":4},"end":{"line":51,"column":76}},"29":{"start":{"line":51,"column":15},"end":{"line":51,"column":76}},"30":{"start":{"line":53,"column":4},"end":{"line":53,"column":25}},"31":{"start":{"line":54,"column":4},"end":{"line":54,"column":56}},"32":{"start":{"line":56,"column":4},"end":{"line":56,"column":59}}},"fnMap":{"0":{"name":"(anonymous_0)","decl":{"start":{"line":4,"column":27},"end":{"line":4,"column":28}},"loc":{"start":{"line":4,"column":47},"end":{"line":11,"column":1}},"line":4},"1":{"name":"(anonymous_1)","decl":{"start":{"line":14,"column":26},"end":{"line":14,"column":27}},"loc":{"start":{"line":14,"column":46},"end":{"line":21,"column":1}},"line":14},"2":{"name":"(anonymous_2)","decl":{"start":{"line":24,"column":27},"end":{"line":24,"column":28}},"loc":{"start":{"line":24,"column":47},"end":{"line":32,"column":1}},"line":24},"3":{"name":"(anonymous_3)","decl":{"start":{"line":35,"column":26},"end":{"line":35,"column":27}},"loc":{"start":{"line":35,"column":46},"end":{"line":45,"column":1}},"line":35},"4":{"name":"(anonymous_4)","decl":{"start":{"line":48,"column":26},"end":{"line":48,"column":27}},"loc":{"start":{"line":48,"column":46},"end":{"line":58,"column":1}},"line":48}},"branchMap":{"0":{"loc":{"start":{"line":27,"column":4},"end":{"line":27,"column":76}},"type":"if","locations":[{"start":{"line":27,"column":4},"end":{"line":27,"column":76}},{"start":{},"end":{}}],"line":27},"1":{"loc":{"start":{"line":38,"column":4},"end":{"line":38,"column":76}},"type":"if","locations":[{"start":{"line":38,"column":4},"end":{"line":38,"column":76}},{"start":{},"end":{}}],"line":38},"2":{"loc":{"start":{"line":51,"column":4},"end":{"line":51,"column":76}},"type":"if","locations":[{"start":{"line":51,"column":4},"end":{"line":51,"column":76}},{"start":{},"end":{}}],"line":51}},"s":{"0":4,"1":1,"2":1,"3":1,"4":0,"5":4,"6":2,"7":2,"8":2,"9":0,"10":4,"11":1,"12":1,"13":1,"14":0,"15":1,"16":0,"17":4,"18":1,"19":1,"20":1,"21":0,"22":1,"23":1,"24":0,"25":4,"26":1,"27":1,"28":1,"29":0,"30":1,"31":1,"32":0},"f":{"0":1,"1":2,"2":1,"3":1,"4":1},"b":{"0":[0,1],"1":[0,1],"2":[0,1]},"_coverageSchema":"1a1c01bbd47fc00a2c39e90264f33305004495a9","hash":"15d48e36625dc65d0c929fbb690b741bf36c551f"}
,"C:\\Users\\plugify\\Desktop\\API-Mercado-Inclusivo\\src\\middleware\\cors.js": {"path":"C:\\Users\\plugify\\Desktop\\API-Mercado-Inclusivo\\src\\middleware\\cors.js","statementMap":{"0":{"start":{"line":3,"column":20},"end":{"line":6,"column":1}}},"fnMap":{},"branchMap":{},"s":{"0":4},"f":{},"b":{},"_coverageSchema":"1a1c01bbd47fc00a2c39e90264f33305004495a9","hash":"c0cb256780a1ca6c2eccd28b421d91dcf14a6562"}
,"C:\\Users\\plugify\\Desktop\\API-Mercado-Inclusivo\\src\\models\\candidatura.model.js": {"path":"C:\\Users\\plugify\\Desktop\\API-Mercado-Inclusivo\\src\\models\\candidatura.model.js","statementMap":{"0":{"start":{"line":4,"column":24},"end":{"line":24,"column":6}},"1":{"start":{"line":26,"column":4},"end":{"line":26,"column":23}}},"fnMap":{"0":{"name":"(anonymous_0)","decl":{"start":{"line":3,"column":15},"end":{"line":3,"column":16}},"loc":{"start":{"line":3,"column":30},"end":{"line":27,"column":1}},"line":3}},"branchMap":{},"s":{"0":4,"1":4},"f":{"0":4},"b":{},"_coverageSchema":"1a1c01bbd47fc00a2c39e90264f33305004495a9","hash":"b11a1846054ad0e16df28af184dd8f3e1829b13f"}
,"C:\\Users\\plugify\\Desktop\\API-Mercado-Inclusivo\\src\\models\\empresa.model.js": {"path":"C:\\Users\\plugify\\Desktop\\API-Mercado-Inclusivo\\src\\models\\empresa.model.js","statementMap":{"0":{"start":{"line":4,"column":16},"end":{"line":34,"column":2}}},"fnMap":{},"branchMap":{},"s":{"0":4},"f":{},"b":{},"_coverageSchema":"1a1c01bbd47fc00a2c39e90264f33305004495a9","hash":"b6dede562024c664b5573fc437c336ac177aef73"}
,"C:\\Users\\plugify\\Desktop\\API-Mercado-Inclusivo\\src\\models\\index.js": {"path":"C:\\Users\\plugify\\Desktop\\API-Mercado-Inclusivo\\src\\models\\index.js","statementMap":{"0":{"start":{"line":6,"column":16},"end":{"line":6,"column":60}},"1":{"start":{"line":7,"column":20},"end":{"line":7,"column":68}},"2":{"start":{"line":9,"column":0},"end":{"line":9,"column":58}},"3":{"start":{"line":10,"column":0},"end":{"line":10,"column":60}}},"fnMap":{},"branchMap":{},"s":{"0":4,"1":4,"2":4,"3":4},"f":{},"b":{},"_coverageSchema":"1a1c01bbd47fc00a2c39e90264f33305004495a9","hash":"06073ade9d71f54f22fffb54098d31407745f063"}
,"C:\\Users\\plugify\\Desktop\\API-Mercado-Inclusivo\\src\\models\\usuario.model.js": {"path":"C:\\Users\\plugify\\Desktop\\API-Mercado-Inclusivo\\src\\models\\usuario.model.js","statementMap":{"0":{"start":{"line":4,"column":18},"end":{"line":61,"column":4}},"1":{"start":{"line":51,"column":8},"end":{"line":53,"column":9}},"2":{"start":{"line":52,"column":10},"end":{"line":52,"column":63}},"3":{"start":{"line":56,"column":8},"end":{"line":58,"column":9}},"4":{"start":{"line":57,"column":10},"end":{"line":57,"column":63}},"5":{"start":{"line":63,"column":2},"end":{"line":63,"column":17}}},"fnMap":{"0":{"name":"(anonymous_0)","decl":{"start":{"line":3,"column":15},"end":{"line":3,"column":16}},"loc":{"start":{"line":3,"column":41},"end":{"line":64,"column":1}},"line":3},"1":{"name":"(anonymous_1)","decl":{"start":{"line":50,"column":20},"end":{"line":50,"column":21}},"loc":{"start":{"line":50,"column":39},"end":{"line":54,"column":7}},"line":50},"2":{"name":"(anonymous_2)","decl":{"start":{"line":55,"column":20},"end":{"line":55,"column":21}},"loc":{"start":{"line":55,"column":39},"end":{"line":59,"column":7}},"line":55}},"branchMap":{"0":{"loc":{"start":{"line":51,"column":8},"end":{"line":53,"column":9}},"type":"if","locations":[{"start":{"line":51,"column":8},"end":{"line":53,"column":9}},{"start":{},"end":{}}],"line":51},"1":{"loc":{"start":{"line":56,"column":8},"end":{"line":58,"column":9}},"type":"if","locations":[{"start":{"line":56,"column":8},"end":{"line":58,"column":9}},{"start":{},"end":{}}],"line":56}},"s":{"0":4,"1":2,"2":2,"3":1,"4":0,"5":4},"f":{"0":4,"1":2,"2":1},"b":{"0":[2,0],"1":[0,1]},"_coverageSchema":"1a1c01bbd47fc00a2c39e90264f33305004495a9","hash":"c28e915460202ed0036c234d7ea5a1aeca4f555e"}
,"C:\\Users\\plugify\\Desktop\\API-Mercado-Inclusivo\\src\\models\\vaga.model.js": {"path":"C:\\Users\\plugify\\Desktop\\API-Mercado-Inclusivo\\src\\models\\vaga.model.js","statementMap":{"0":{"start":{"line":4,"column":13},"end":{"line":25,"column":2}}},"fnMap":{},"branchMap":{},"s":{"0":4},"f":{},"b":{},"_coverageSchema":"1a1c01bbd47fc00a2c39e90264f33305004495a9","hash":"909b2f62697b91f3523d75a27235ee6d0264a450"}
,"C:\\Users\\plugify\\Desktop\\API-Mercado-Inclusivo\\src\\routes\\candidatura.route.js": {"path":"C:\\Users\\plugify\\Desktop\\API-Mercado-Inclusivo\\src\\routes\\candidatura.route.js","statementMap":{"0":{"start":{"line":10,"column":15},"end":{"line":10,"column":31}},"1":{"start":{"line":12,"column":0},"end":{"line":12,"column":36}},"2":{"start":{"line":13,"column":0},"end":{"line":13,"column":33}},"3":{"start":{"line":14,"column":0},"end":{"line":14,"column":39}},"4":{"start":{"line":15,"column":0},"end":{"line":15,"column":38}},"5":{"start":{"line":16,"column":0},"end":{"line":16,"column":41}}},"fnMap":{},"branchMap":{},"s":{"0":4,"1":4,"2":4,"3":4,"4":4,"5":4},"f":{},"b":{},"_coverageSchema":"1a1c01bbd47fc00a2c39e90264f33305004495a9","hash":"b717e4db6325ad11814ed85dbf559e5c59fd3ea9"}
,"C:\\Users\\plugify\\Desktop\\API-Mercado-Inclusivo\\src\\routes\\empresa.route.js": {"path":"C:\\Users\\plugify\\Desktop\\API-Mercado-Inclusivo\\src\\routes\\empresa.route.js","statementMap":{"0":{"start":{"line":10,"column":15},"end":{"line":10,"column":31}},"1":{"start":{"line":13,"column":0},"end":{"line":13,"column":31}},"2":{"start":{"line":14,"column":0},"end":{"line":14,"column":32}},"3":{"start":{"line":15,"column":0},"end":{"line":15,"column":34}},"4":{"start":{"line":16,"column":0},"end":{"line":16,"column":37}},"5":{"start":{"line":17,"column":0},"end":{"line":17,"column":38}}},"fnMap":{},"branchMap":{},"s":{"0":4,"1":4,"2":4,"3":4,"4":4,"5":4},"f":{},"b":{},"_coverageSchema":"1a1c01bbd47fc00a2c39e90264f33305004495a9","hash":"5f8e620333fbcb9c7db2c5578d741cc136f67fbc"}
,"C:\\Users\\plugify\\Desktop\\API-Mercado-Inclusivo\\src\\routes\\index.js": {"path":"C:\\Users\\plugify\\Desktop\\API-Mercado-Inclusivo\\src\\routes\\index.js","statementMap":{"0":{"start":{"line":7,"column":15},"end":{"line":7,"column":31}},"1":{"start":{"line":9,"column":0},"end":{"line":9,"column":39}},"2":{"start":{"line":10,"column":0},"end":{"line":10,"column":47}},"3":{"start":{"line":11,"column":0},"end":{"line":11,"column":33}},"4":{"start":{"line":12,"column":0},"end":{"line":12,"column":39}}},"fnMap":{},"branchMap":{},"s":{"0":4,"1":4,"2":4,"3":4,"4":4},"f":{},"b":{},"_coverageSchema":"1a1c01bbd47fc00a2c39e90264f33305004495a9","hash":"2a1106a01b8c10e0772be766eb772007163d4f20"}
,"C:\\Users\\plugify\\Desktop\\API-Mercado-Inclusivo\\src\\routes\\usuario.route.js": {"path":"C:\\Users\\plugify\\Desktop\\API-Mercado-Inclusivo\\src\\routes\\usuario.route.js","statementMap":{"0":{"start":{"line":10,"column":15},"end":{"line":10,"column":31}},"1":{"start":{"line":12,"column":0},"end":{"line":12,"column":32}},"2":{"start":{"line":13,"column":0},"end":{"line":13,"column":29}},"3":{"start":{"line":14,"column":0},"end":{"line":14,"column":35}},"4":{"start":{"line":15,"column":0},"end":{"line":15,"column":34}},"5":{"start":{"line":16,"column":0},"end":{"line":16,"column":37}}},"fnMap":{},"branchMap":{},"s":{"0":4,"1":4,"2":4,"3":4,"4":4,"5":4},"f":{},"b":{},"_coverageSchema":"1a1c01bbd47fc00a2c39e90264f33305004495a9","hash":"fee425d93f1a3a9613e76b1a77137450360cda5e"}
,"C:\\Users\\plugify\\Desktop\\API-Mercado-Inclusivo\\src\\routes\\vaga.route.js": {"path":"C:\\Users\\plugify\\Desktop\\API-Mercado-Inclusivo\\src\\routes\\vaga.route.js","statementMap":{"0":{"start":{"line":10,"column":15},"end":{"line":10,"column":31}},"1":{"start":{"line":13,"column":0},"end":{"line":13,"column":29}},"2":{"start":{"line":14,"column":0},"end":{"line":14,"column":32}},"3":{"start":{"line":15,"column":0},"end":{"line":15,"column":29}},"4":{"start":{"line":16,"column":0},"end":{"line":16,"column":31}},"5":{"start":{"line":17,"column":0},"end":{"line":17,"column":34}}},"fnMap":{},"branchMap":{},"s":{"0":4,"1":4,"2":4,"3":4,"4":4,"5":4},"f":{},"b":{},"_coverageSchema":"1a1c01bbd47fc00a2c39e90264f33305004495a9","hash":"119e7e19b3c4e2edbb5811dd9759d052459665fd"}
}
