TN:
SF:app.js
FN:18,(anonymous_0)
FN:22,(anonymous_1)
FNF:2
FNH:0
FNDA:0,(anonymous_0)
FNDA:0,(anonymous_1)
DA:6,4
DA:8,4
DA:11,4
DA:12,4
DA:15,4
DA:18,4
DA:19,0
DA:22,4
DA:23,0
DA:24,0
LF:10
LH:7
BRF:0
BRH:0
end_of_record
TN:
SF:src\config\database.js
FN:13,setupDatabase
FN:17,closeDatabase
FNF:2
FNH:2
FNDA:4,setupDatabase
FNDA:4,closeDatabase
DA:3,4
DA:5,4
DA:7,4
DA:14,4
DA:18,4
LF:5
LH:5
BRDA:9,0,0,4
BRDA:9,0,1,0
BRDA:9,1,0,0
BRDA:9,1,1,0
BRF:4
BRH:1
end_of_record
TN:
SF:src\controllers\candidatura.controller.js
FN:4,(anonymous_0)
FN:14,(anonymous_1)
FN:24,(anonymous_2)
FN:37,(anonymous_3)
FN:51,(anonymous_4)
FNF:5
FNH:5
FNDA:1,(anonymous_0)
FNDA:1,(anonymous_1)
FNDA:2,(anonymous_2)
FNDA:1,(anonymous_3)
FNDA:1,(anonymous_4)
DA:4,4
DA:5,1
DA:6,1
DA:7,1
DA:9,0
DA:14,4
DA:15,1
DA:16,1
DA:17,1
DA:19,0
DA:24,4
DA:25,2
DA:26,2
DA:27,2
DA:28,1
DA:30,1
DA:32,0
DA:37,4
DA:38,1
DA:39,1
DA:40,1
DA:41,0
DA:43,1
DA:44,1
DA:46,0
DA:51,4
DA:52,1
DA:53,1
DA:54,1
DA:55,0
DA:57,1
DA:58,1
DA:60,0
LF:33
LH:26
BRDA:27,0,0,1
BRDA:27,0,1,1
BRDA:40,1,0,0
BRDA:40,1,1,1
BRDA:54,2,0,0
BRDA:54,2,1,1
BRF:6
BRH:4
end_of_record
TN:
SF:src\controllers\empresa.controller.js
FN:4,(anonymous_0)
FN:14,(anonymous_1)
FN:24,(anonymous_2)
FN:37,(anonymous_3)
FN:53,(anonymous_4)
FNF:5
FNH:5
FNDA:1,(anonymous_0)
FNDA:1,(anonymous_1)
FNDA:1,(anonymous_2)
FNDA:1,(anonymous_3)
FNDA:1,(anonymous_4)
DA:4,4
DA:5,1
DA:6,1
DA:7,1
DA:9,0
DA:14,4
DA:15,1
DA:16,1
DA:17,1
DA:19,0
DA:24,4
DA:25,1
DA:26,1
DA:27,1
DA:28,0
DA:30,1
DA:32,0
DA:37,4
DA:38,1
DA:39,1
DA:42,1
DA:43,1
DA:44,1
DA:46,0
DA:48,0
DA:53,4
DA:54,1
DA:55,1
DA:58,1
DA:59,1
DA:61,0
DA:63,0
LF:32
LH:24
BRDA:27,0,0,0
BRDA:27,0,1,1
BRDA:42,1,0,1
BRDA:42,1,1,0
BRDA:58,2,0,1
BRDA:58,2,1,0
BRF:6
BRH:3
end_of_record
TN:
SF:src\controllers\usuario.controller.js
FN:4,(anonymous_0)
FN:14,(anonymous_1)
FN:24,(anonymous_2)
FN:37,(anonymous_3)
FN:52,(anonymous_4)
FNF:5
FNH:5
FNDA:2,(anonymous_0)
FNDA:1,(anonymous_1)
FNDA:1,(anonymous_2)
FNDA:1,(anonymous_3)
FNDA:1,(anonymous_4)
DA:4,4
DA:5,2
DA:6,2
DA:7,2
DA:9,0
DA:14,4
DA:15,1
DA:16,1
DA:17,1
DA:19,0
DA:24,4
DA:25,1
DA:26,1
DA:27,1
DA:28,0
DA:30,1
DA:32,0
DA:37,4
DA:38,1
DA:39,1
DA:40,1
DA:41,0
DA:44,1
DA:45,1
DA:47,0
DA:52,4
DA:53,1
DA:54,1
DA:55,1
DA:56,0
DA:59,1
DA:60,1
DA:62,0
LF:33
LH:25
BRDA:27,0,0,0
BRDA:27,0,1,1
BRDA:40,1,0,0
BRDA:40,1,1,1
BRDA:55,2,0,0
BRDA:55,2,1,1
BRF:6
BRH:3
end_of_record
TN:
SF:src\controllers\vaga.controller.js
FN:4,(anonymous_0)
FN:14,(anonymous_1)
FN:24,(anonymous_2)
FN:35,(anonymous_3)
FN:48,(anonymous_4)
FNF:5
FNH:5
FNDA:1,(anonymous_0)
FNDA:2,(anonymous_1)
FNDA:1,(anonymous_2)
FNDA:1,(anonymous_3)
FNDA:1,(anonymous_4)
DA:4,4
DA:5,1
DA:6,1
DA:7,1
DA:9,0
DA:14,4
DA:15,2
DA:16,2
DA:17,2
DA:19,0
DA:24,4
DA:25,1
DA:26,1
DA:27,1
DA:28,1
DA:30,0
DA:35,4
DA:36,1
DA:37,1
DA:38,1
DA:40,1
DA:41,1
DA:43,0
DA:48,4
DA:49,1
DA:50,1
DA:51,1
DA:53,1
DA:54,1
DA:56,0
LF:30
LH:25
BRDA:27,0,0,0
BRDA:27,0,1,1
BRDA:38,1,0,0
BRDA:38,1,1,1
BRDA:51,2,0,0
BRDA:51,2,1,1
BRF:6
BRH:3
end_of_record
TN:
SF:src\middleware\cors.js
FNF:0
FNH:0
DA:3,4
LF:1
LH:1
BRF:0
BRH:0
end_of_record
TN:
SF:src\models\candidatura.model.js
FN:3,(anonymous_0)
FNF:1
FNH:1
FNDA:4,(anonymous_0)
DA:4,4
DA:26,4
LF:2
LH:2
BRF:0
BRH:0
end_of_record
TN:
SF:src\models\empresa.model.js
FNF:0
FNH:0
DA:4,4
LF:1
LH:1
BRF:0
BRH:0
end_of_record
TN:
SF:src\models\index.js
FNF:0
FNH:0
DA:6,4
DA:7,4
DA:9,4
DA:10,4
LF:4
LH:4
BRF:0
BRH:0
end_of_record
TN:
SF:src\models\usuario.model.js
FN:3,(anonymous_0)
FN:50,(anonymous_1)
FN:55,(anonymous_2)
FNF:3
FNH:3
FNDA:4,(anonymous_0)
FNDA:2,(anonymous_1)
FNDA:1,(anonymous_2)
DA:4,4
DA:51,2
DA:52,2
DA:56,1
DA:57,0
DA:63,4
LF:6
LH:5
BRDA:51,0,0,2
BRDA:51,0,1,0
BRDA:56,1,0,0
BRDA:56,1,1,1
BRF:4
BRH:2
end_of_record
TN:
SF:src\models\vaga.model.js
FNF:0
FNH:0
DA:4,4
LF:1
LH:1
BRF:0
BRH:0
end_of_record
TN:
SF:src\routes\candidatura.route.js
FNF:0
FNH:0
DA:10,4
DA:12,4
DA:13,4
DA:14,4
DA:15,4
DA:16,4
LF:6
LH:6
BRF:0
BRH:0
end_of_record
TN:
SF:src\routes\empresa.route.js
FNF:0
FNH:0
DA:10,4
DA:13,4
DA:14,4
DA:15,4
DA:16,4
DA:17,4
LF:6
LH:6
BRF:0
BRH:0
end_of_record
TN:
SF:src\routes\index.js
FNF:0
FNH:0
DA:7,4
DA:9,4
DA:10,4
DA:11,4
DA:12,4
LF:5
LH:5
BRF:0
BRH:0
end_of_record
TN:
SF:src\routes\usuario.route.js
FNF:0
FNH:0
DA:10,4
DA:12,4
DA:13,4
DA:14,4
DA:15,4
DA:16,4
LF:6
LH:6
BRF:0
BRH:0
end_of_record
TN:
SF:src\routes\vaga.route.js
FNF:0
FNH:0
DA:10,4
DA:13,4
DA:14,4
DA:15,4
DA:16,4
DA:17,4
LF:6
LH:6
BRF:0
BRH:0
end_of_record
